<?xml version="1.0" encoding="UTF-8"?>
<testng-results ignored="0" total="1" passed="1" failed="0" skipped="0">
  <reporter-output>
  </reporter-output>
  <suite started-at="2023-06-19T15:25:25 IST" name="Default suite" finished-at="2023-06-19T15:25:39 IST" duration-ms="13952">
    <groups>
    </groups>
    <test started-at="2023-06-19T15:25:25 IST" name="Default test" finished-at="2023-06-19T15:25:39 IST" duration-ms="13952">
      <class name="scenario.TestMicTEst">
        <test-method signature="test()[pri:0, instance:scenario.TestMicTEst@62230c58]" started-at="2023-06-19T15:25:25 IST" name="test" finished-at="2023-06-19T15:25:39 IST" duration-ms="13907" status="PASS">
          <reporter-output>
          </reporter-output>
        </test-method> <!-- test -->
      </class> <!-- scenario.TestMicTEst -->
    </test> <!-- Default test -->
  </suite> <!-- Default suite -->
</testng-results>
